<?xml version="1.0" encoding="UTF-8"?>
<testsuite xmlns:xsi="http://www.w3.org/2001/XMLSchema-instance" xsi:noNamespaceSchemaLocation="https://maven.apache.org/surefire/maven-surefire-plugin/xsd/surefire-test-report-3.0.xsd" version="3.0" name="org.mal_lang.examplelang.test.TestExampleLang" time="0.003" tests="3" errors="0" skipped="0" failures="0">
  <properties>
    <property name="java.specification.version" value="13"/>
    <property name="sun.jnu.encoding" value="UTF-8"/>
    <property name="java.class.path" value="/Users/gengningyao/mal/exampleLang/target/test-classes:/Users/gengningyao/mal/exampleLang/target/classes:/Users/gengningyao/.m2/repository/org/junit/jupiter/junit-jupiter/5.6.0-M1/junit-jupiter-5.6.0-M1.jar:/Users/gengningyao/.m2/repository/org/junit/jupiter/junit-jupiter-api/5.6.0-M1/junit-jupiter-api-5.6.0-M1.jar:/Users/gengningyao/.m2/repository/org/apiguardian/apiguardian-api/1.1.0/apiguardian-api-1.1.0.jar:/Users/gengningyao/.m2/repository/org/opentest4j/opentest4j/1.2.0/opentest4j-1.2.0.jar:/Users/gengningyao/.m2/repository/org/junit/platform/junit-platform-commons/1.6.0-M1/junit-platform-commons-1.6.0-M1.jar:/Users/gengningyao/.m2/repository/org/junit/jupiter/junit-jupiter-params/5.6.0-M1/junit-jupiter-params-5.6.0-M1.jar:/Users/gengningyao/.m2/repository/org/junit/jupiter/junit-jupiter-engine/5.6.0-M1/junit-jupiter-engine-5.6.0-M1.jar:/Users/gengningyao/.m2/repository/org/junit/platform/junit-platform-engine/1.6.0-M1/junit-platform-engine-1.6.0-M1.jar:/Users/gengningyao/.m2/repository/com/foreseeti/corelib/1.6.0/corelib-1.6.0.jar:/Users/gengningyao/.m2/repository/org/apache/commons/commons-math3/3.6.1/commons-math3-3.6.1.jar:/Users/gengningyao/.m2/repository/org/apache/logging/log4j/log4j-api/2.11.1/log4j-api-2.11.1.jar:/Users/gengningyao/.m2/repository/org/apache/logging/log4j/log4j-core/2.11.1/log4j-core-2.11.1.jar:/Users/gengningyao/.m2/repository/com/google/guava/guava/27.0.1-jre/guava-27.0.1-jre.jar:/Users/gengningyao/.m2/repository/com/google/guava/failureaccess/1.0.1/failureaccess-1.0.1.jar:/Users/gengningyao/.m2/repository/com/google/guava/listenablefuture/9999.0-empty-to-avoid-conflict-with-guava/listenablefuture-9999.0-empty-to-avoid-conflict-with-guava.jar:/Users/gengningyao/.m2/repository/com/google/code/findbugs/jsr305/3.0.2/jsr305-3.0.2.jar:/Users/gengningyao/.m2/repository/org/checkerframework/checker-qual/2.5.2/checker-qual-2.5.2.jar:/Users/gengningyao/.m2/repository/com/google/errorprone/error_prone_annotations/2.2.0/error_prone_annotations-2.2.0.jar:/Users/gengningyao/.m2/repository/com/google/j2objc/j2objc-annotations/1.1/j2objc-annotations-1.1.jar:/Users/gengningyao/.m2/repository/org/codehaus/mojo/animal-sniffer-annotations/1.17/animal-sniffer-annotations-1.17.jar:/Users/gengningyao/.m2/repository/com/foreseeti/kernelcad/xmi/1.6.0/xmi-1.6.0.jar:/Users/gengningyao/.m2/repository/junit/junit/4.12/junit-4.12.jar:/Users/gengningyao/.m2/repository/org/hamcrest/hamcrest-core/1.3/hamcrest-core-1.3.jar:/Users/gengningyao/.m2/repository/org/eclipse/core/runtime/3.10.0-v20140318-2214/runtime-3.10.0-v20140318-2214.jar:/Users/gengningyao/.m2/repository/org/eclipse/osgi/3.10.0-v20140606-1445/osgi-3.10.0-v20140606-1445.jar:/Users/gengningyao/.m2/repository/org/eclipse/equinox/common/3.6.200-v20130402-1505/common-3.6.200-v20130402-1505.jar:/Users/gengningyao/.m2/repository/org/eclipse/core/jobs/3.6.0-v20140424-0053/jobs-3.6.0-v20140424-0053.jar:/Users/gengningyao/.m2/repository/org/eclipse/equinox/registry/3.5.400-v20140428-1507/registry-3.5.400-v20140428-1507.jar:/Users/gengningyao/.m2/repository/org/eclipse/equinox/preferences/3.5.200-v20140224-1527/preferences-3.5.200-v20140224-1527.jar:/Users/gengningyao/.m2/repository/org/eclipse/core/contenttype/3.4.200-v20140207-1251/contenttype-3.4.200-v20140207-1251.jar:/Users/gengningyao/.m2/repository/org/eclipse/equinox/app/1.3.200-v20130910-1609/app-1.3.200-v20130910-1609.jar:/Users/gengningyao/.m2/repository/org/eclipse/emf/org.eclipse.emf.common/2.12.0/org.eclipse.emf.common-2.12.0.jar:/Users/gengningyao/.m2/repository/org/eclipse/emf/org.eclipse.emf.ecore/2.10.1/org.eclipse.emf.ecore-2.10.1.jar:/Users/gengningyao/.m2/repository/org/eclipse/emf/org.eclipse.emf.ecore.xmi/2.12.0/org.eclipse.emf.ecore.xmi-2.12.0.jar:/Users/gengningyao/.m2/repository/org/json/json/20170516/json-20170516.jar:/Users/gengningyao/.m2/repository/io/github/classgraph/classgraph/4.8.31/classgraph-4.8.31.jar:/Users/gengningyao/.m2/repository/com/foreseeti/simulator/1.6.0/simulator-1.6.0.jar:/Users/gengningyao/.m2/repository/commons-net/commons-net/3.6/commons-net-3.6.jar:/Users/gengningyao/.m2/repository/net/java/dev/jna/jna/5.2.0/jna-5.2.0.jar:/Users/gengningyao/.m2/repository/org/reflections/reflections/0.9.11/reflections-0.9.11.jar:/Users/gengningyao/.m2/repository/org/javassist/javassist/3.21.0-GA/javassist-3.21.0-GA.jar:/Users/gengningyao/.m2/repository/javax/json/javax.json-api/1.1.4/javax.json-api-1.1.4.jar:"/>
    <property name="java.vm.vendor" value="Oracle Corporation"/>
    <property name="sun.arch.data.model" value="64"/>
    <property name="java.vendor.url" value="https://java.oracle.com/"/>
    <property name="os.name" value="Mac OS X"/>
    <property name="java.vm.specification.version" value="13"/>
    <property name="sun.java.launcher" value="SUN_STANDARD"/>
    <property name="user.country" value="SE"/>
    <property name="sun.boot.library.path" value="/Library/Java/JavaVirtualMachines/jdk-13.0.1.jdk/Contents/Home/lib"/>
    <property name="sun.java.command" value="/Users/gengningyao/mal/exampleLang/target/surefire/surefirebooter11321620426714025630.jar /Users/gengningyao/mal/exampleLang/target/surefire 2020-01-16T13-28-22_565-jvmRun1 surefire14626847029057352954tmp surefire_034006498778199805tmp"/>
    <property name="jdk.debug" value="release"/>
    <property name="surefire.test.class.path" value="/Users/gengningyao/mal/exampleLang/target/test-classes:/Users/gengningyao/mal/exampleLang/target/classes:/Users/gengningyao/.m2/repository/org/junit/jupiter/junit-jupiter/5.6.0-M1/junit-jupiter-5.6.0-M1.jar:/Users/gengningyao/.m2/repository/org/junit/jupiter/junit-jupiter-api/5.6.0-M1/junit-jupiter-api-5.6.0-M1.jar:/Users/gengningyao/.m2/repository/org/apiguardian/apiguardian-api/1.1.0/apiguardian-api-1.1.0.jar:/Users/gengningyao/.m2/repository/org/opentest4j/opentest4j/1.2.0/opentest4j-1.2.0.jar:/Users/gengningyao/.m2/repository/org/junit/platform/junit-platform-commons/1.6.0-M1/junit-platform-commons-1.6.0-M1.jar:/Users/gengningyao/.m2/repository/org/junit/jupiter/junit-jupiter-params/5.6.0-M1/junit-jupiter-params-5.6.0-M1.jar:/Users/gengningyao/.m2/repository/org/junit/jupiter/junit-jupiter-engine/5.6.0-M1/junit-jupiter-engine-5.6.0-M1.jar:/Users/gengningyao/.m2/repository/org/junit/platform/junit-platform-engine/1.6.0-M1/junit-platform-engine-1.6.0-M1.jar:/Users/gengningyao/.m2/repository/com/foreseeti/corelib/1.6.0/corelib-1.6.0.jar:/Users/gengningyao/.m2/repository/org/apache/commons/commons-math3/3.6.1/commons-math3-3.6.1.jar:/Users/gengningyao/.m2/repository/org/apache/logging/log4j/log4j-api/2.11.1/log4j-api-2.11.1.jar:/Users/gengningyao/.m2/repository/org/apache/logging/log4j/log4j-core/2.11.1/log4j-core-2.11.1.jar:/Users/gengningyao/.m2/repository/com/google/guava/guava/27.0.1-jre/guava-27.0.1-jre.jar:/Users/gengningyao/.m2/repository/com/google/guava/failureaccess/1.0.1/failureaccess-1.0.1.jar:/Users/gengningyao/.m2/repository/com/google/guava/listenablefuture/9999.0-empty-to-avoid-conflict-with-guava/listenablefuture-9999.0-empty-to-avoid-conflict-with-guava.jar:/Users/gengningyao/.m2/repository/com/google/code/findbugs/jsr305/3.0.2/jsr305-3.0.2.jar:/Users/gengningyao/.m2/repository/org/checkerframework/checker-qual/2.5.2/checker-qual-2.5.2.jar:/Users/gengningyao/.m2/repository/com/google/errorprone/error_prone_annotations/2.2.0/error_prone_annotations-2.2.0.jar:/Users/gengningyao/.m2/repository/com/google/j2objc/j2objc-annotations/1.1/j2objc-annotations-1.1.jar:/Users/gengningyao/.m2/repository/org/codehaus/mojo/animal-sniffer-annotations/1.17/animal-sniffer-annotations-1.17.jar:/Users/gengningyao/.m2/repository/com/foreseeti/kernelcad/xmi/1.6.0/xmi-1.6.0.jar:/Users/gengningyao/.m2/repository/junit/junit/4.12/junit-4.12.jar:/Users/gengningyao/.m2/repository/org/hamcrest/hamcrest-core/1.3/hamcrest-core-1.3.jar:/Users/gengningyao/.m2/repository/org/eclipse/core/runtime/3.10.0-v20140318-2214/runtime-3.10.0-v20140318-2214.jar:/Users/gengningyao/.m2/repository/org/eclipse/osgi/3.10.0-v20140606-1445/osgi-3.10.0-v20140606-1445.jar:/Users/gengningyao/.m2/repository/org/eclipse/equinox/common/3.6.200-v20130402-1505/common-3.6.200-v20130402-1505.jar:/Users/gengningyao/.m2/repository/org/eclipse/core/jobs/3.6.0-v20140424-0053/jobs-3.6.0-v20140424-0053.jar:/Users/gengningyao/.m2/repository/org/eclipse/equinox/registry/3.5.400-v20140428-1507/registry-3.5.400-v20140428-1507.jar:/Users/gengningyao/.m2/repository/org/eclipse/equinox/preferences/3.5.200-v20140224-1527/preferences-3.5.200-v20140224-1527.jar:/Users/gengningyao/.m2/repository/org/eclipse/core/contenttype/3.4.200-v20140207-1251/contenttype-3.4.200-v20140207-1251.jar:/Users/gengningyao/.m2/repository/org/eclipse/equinox/app/1.3.200-v20130910-1609/app-1.3.200-v20130910-1609.jar:/Users/gengningyao/.m2/repository/org/eclipse/emf/org.eclipse.emf.common/2.12.0/org.eclipse.emf.common-2.12.0.jar:/Users/gengningyao/.m2/repository/org/eclipse/emf/org.eclipse.emf.ecore/2.10.1/org.eclipse.emf.ecore-2.10.1.jar:/Users/gengningyao/.m2/repository/org/eclipse/emf/org.eclipse.emf.ecore.xmi/2.12.0/org.eclipse.emf.ecore.xmi-2.12.0.jar:/Users/gengningyao/.m2/repository/org/json/json/20170516/json-20170516.jar:/Users/gengningyao/.m2/repository/io/github/classgraph/classgraph/4.8.31/classgraph-4.8.31.jar:/Users/gengningyao/.m2/repository/com/foreseeti/simulator/1.6.0/simulator-1.6.0.jar:/Users/gengningyao/.m2/repository/commons-net/commons-net/3.6/commons-net-3.6.jar:/Users/gengningyao/.m2/repository/net/java/dev/jna/jna/5.2.0/jna-5.2.0.jar:/Users/gengningyao/.m2/repository/org/reflections/reflections/0.9.11/reflections-0.9.11.jar:/Users/gengningyao/.m2/repository/org/javassist/javassist/3.21.0-GA/javassist-3.21.0-GA.jar:/Users/gengningyao/.m2/repository/javax/json/javax.json-api/1.1.4/javax.json-api-1.1.4.jar:"/>
    <property name="sun.cpu.endian" value="little"/>
    <property name="user.home" value="/Users/gengningyao"/>
    <property name="user.language" value="en"/>
    <property name="java.specification.vendor" value="Oracle Corporation"/>
    <property name="java.version.date" value="2019-10-15"/>
    <property name="java.home" value="/Library/Java/JavaVirtualMachines/jdk-13.0.1.jdk/Contents/Home"/>
    <property name="file.separator" value="/"/>
    <property name="basedir" value="/Users/gengningyao/mal/exampleLang"/>
    <property name="java.vm.compressedOopsMode" value="Zero based"/>
    <property name="line.separator" value="&#10;"/>
    <property name="java.vm.specification.vendor" value="Oracle Corporation"/>
    <property name="java.specification.name" value="Java Platform API Specification"/>
    <property name="surefire.real.class.path" value="/Users/gengningyao/mal/exampleLang/target/surefire/surefirebooter11321620426714025630.jar"/>
    <property name="sun.management.compiler" value="HotSpot 64-Bit Tiered Compilers"/>
    <property name="java.runtime.version" value="13.0.1+9"/>
    <property name="user.name" value="gengningyao"/>
    <property name="path.separator" value=":"/>
    <property name="os.version" value="10.14.5"/>
    <property name="java.runtime.name" value="Java(TM) SE Runtime Environment"/>
    <property name="file.encoding" value="UTF-8"/>
    <property name="java.vm.name" value="Java HotSpot(TM) 64-Bit Server VM"/>
    <property name="localRepository" value="/Users/gengningyao/.m2/repository"/>
    <property name="java.vendor.url.bug" value="https://bugreport.java.com/bugreport/"/>
    <property name="java.io.tmpdir" value="/var/folders/lf/qq5qc60j4m3fsq0fh40tbjrh0000gn/T/"/>
    <property name="java.version" value="13.0.1"/>
    <property name="user.dir" value="/Users/gengningyao/mal/exampleLang"/>
    <property name="os.arch" value="x86_64"/>
    <property name="java.vm.specification.name" value="Java Virtual Machine Specification"/>
    <property name="java.library.path" value="/Users/gengningyao/Library/Java/Extensions:/Library/Java/Extensions:/Network/Library/Java/Extensions:/System/Library/Java/Extensions:/usr/lib/java:."/>
    <property name="java.vm.info" value="mixed mode, sharing"/>
    <property name="java.vendor" value="Oracle Corporation"/>
    <property name="java.vm.version" value="13.0.1+9"/>
    <property name="sun.io.unicode.encoding" value="UnicodeBig"/>
    <property name="java.class.version" value="57.0"/>
  </properties>
  <testcase name="testNoNetwork" classname="org.mal_lang.examplelang.test.TestExampleLang" time="0"/>
  <testcase name="testAccess" classname="org.mal_lang.examplelang.test.TestExampleLang" time="0"/>
  <testcase name="testNoPassword" classname="org.mal_lang.examplelang.test.TestExampleLang" time="0.003"/>
</testsuite>